Preparing For a Date
Carrying Credit Cards: YES
Are You Forgetting Something? DAO
Not Dressed Impressively
Lost his/her number
Preparing For a ride
Got The Keys? YES
Are You Forgetting Soemthing? Helmat
Head Light Functioning Failed
Tank Empty
Preparing For a Date
Carrying Credit Cards: YES
Are You Forgetting Something? DAO
Not Dressed Impressively
Lost his/her number
Preparing For a ride
Got The Keys? YES
Are You Forgetting Soemthing? Helmat
Head Light Functioning Failed
Tank Empty
Preparing For a Date
Carrying Credit Cards: YES
Are You Forgetting Something? DAO
Not Dressed Impressively
Lost his/her number
Preparing For a ride
Got The Keys? YES
Are You Forgetting Soemthing? Helmat
Head Light Functioning Failed
Tank Empty
Preparing For a Date
Carrying Credit Cards: YES
Are You Forgetting Something? DAO
Not Dressed Impressively
Lost his/her number
Preparing For a ride
Got The Keys? YES
Are You Forgetting Soemthing? Helmat
Head Light Functioning Failed
Tank Empty
